
<dict>
	cocos2d.x.version: quick-cocos2d-x 2.2.5
	cocos2d.x.compiled_with_profiler: false
	cocos2d.x.compiled_with_gl_state_cache: true
	gl.vendor: Intel
	gl.renderer: Intel(R) HD Graphics
	gl.version: 4.0.0 - Build 9.17.10.2849
	gl.max_texture_size: 8192
	gl.max_texture_units: 80
	gl.supports_PVRTC: false
	gl.supports_NPOT: true
	gl.supports_BGRA8888: false
	gl.supports_discard_framebuffer: false
	gl.supports_vertex_array_object: true
</dict>
lua_loadChunksFromZIP() - load zip file: F:\quick-cocos2d-x-2.2.5\lib\framework_precompiled\framework_precompiled.zip
lua_loadChunksFromZIP() - loaded chunks count: 108
------------------------------------------------
LOAD LUA FILE: F:/jadeGitHub/FightingProject/Resource/scripts/main.lua
------------------------------------------------
[0.4080] [INFO] 
[0.4084] [INFO] # DEBUG                        = 1
[0.4087] [INFO] #
[0.4091] [INFO] # device.platform              = windows
[0.4094] [INFO] # device.model                 = unknown
[0.4098] [INFO] # device.language              = cn
[0.4111] [INFO] # device.writablePath          = F:\jadeGitHub\FightingProject\Resource\scripts\
[0.4119] [INFO] # device.cachePath             = F:\jadeGitHub\FightingProject\Resource\scripts\
[0.4124] [INFO] # device.directorySeparator    = \
[0.4129] [INFO] # device.pathSeparator         = ;
[0.4132] [INFO] #
[0.4138] [ERR] display - invalid CONFIG_SCREEN_AUTOSCALE "__SCREEN_ORIENTATION_QUICK__"
[0.4144] 
stack traceback:
	[string "framework.display"]: in main chunk
	[C]: in function 'require'
	[string "framework.init"]: in main chunk
	[C]: in function 'require'
	[string "F:\jadeGitHub\FightingProject\Resource\scripts\app/MyApp.lua"]:3: in main chunk
	[C]: in function 'require'
	[string "F:/jadeGitHub/FightingProject/Resource/scripts/main.lua"]:9: in main chunk
[0.4173] [INFO] # CONFIG_SCREEN_AUTOSCALE      = __SCREEN_ORIENTATION_QUICK__
[0.4177] [INFO] # CONFIG_SCREEN_WIDTH          = 960.00
[0.4181] [INFO] # CONFIG_SCREEN_HEIGHT         = 640.00
[0.4185] [INFO] # display.widthInPixels        = 960.00
[0.4189] [INFO] # display.heightInPixels       = 640.00
[0.4194] [INFO] # display.contentScaleFactor   = 1.00
[0.4197] [INFO] # display.width                = 960.00
[0.4201] [INFO] # display.height               = 640.00
[0.4205] [INFO] # display.cx                   = 480.00
[0.4210] [INFO] # display.cy                   = 320.00
[0.4214] [INFO] # display.left                 = 0.00
[0.4217] [INFO] # display.right                = 960.00
[0.4221] [INFO] # display.top                  = 640.00
[0.4225] [INFO] # display.bottom               = 0.00
[0.4229] [INFO] # display.c_left               = -480.00
[0.4232] [INFO] # display.c_right              = 480.00
[0.4236] [INFO] # display.c_top                = 320.00
[0.4243] [INFO] # display.c_bottom             = -320.00
[0.4251] [INFO] #
Get data from file(hello.png) failed!
[0.4283] [ERR] display.newSprite() - create sprite failure, filename hello.png
[0.4286] 
stack traceback:
	[string "framework.display"]: in function 'newSprite'
	[string "F:\jadeGitHub\FightingProject\Resource\scripts\app/scenes/myscene.lua"]:9: in function 'ctor'
	[string "framework.functions"]: in function 'new'
	[string "framework.cc.mvc.AppBase"]: in function 'enterScene'
	[string "F:\jadeGitHub\FightingProject\Resource\scripts\app/MyApp.lua"]:14: in function 'run'
	[string "F:/jadeGitHub/FightingProject/Resource/scripts/main.lua"]:9: in main chunk
